<?xml version="1.0" encoding="UTF-8"?>
<!-- Generated by org.testng.reporters.JUnitXMLReporter -->
<testsuite ignored="0" hostname="Aravinda" failures="0" tests="2" name="SeleniumTraining" time="0.057" errors="0" timestamp="2024-12-13T12:38:56 IST">
  <testcase classname="com.synechron.selenium.basics.testng.TestNGAllAnnotations" name="test1" time="0.001"/>
  <testcase classname="com.synechron.selenium.basics.testng.TestNGAllAnnotations" name="test2" time="0.001"/>
</testsuite> <!-- SeleniumTraining -->
